Using pre-set license
Built from '2021.3/staging' branch; Version is '2021.3.6f1 (7da38d85baf6) revision 8233869'; Using compiler version '192829333'; Build Type 'Release'
OS: 'Windows 10  (10.0.19045) 64bit Core' Language: 'el' Physical Memory: 64629 MB
BatchMode: 1, IsHumanControllingUs: 0, StartBugReporterOnCrash: 0, Is64bit: 1, IsPro: 1

COMMAND LINE ARGUMENTS:
C:\Program Files\Unity\Hub\Editor\2021.3.6f1\Editor\Unity.exe
-adb2
-batchMode
-noUpm
-name
AssetImportWorker0
-projectPath
C:/Users/PC/Documents/GitHub/FoodPackByTKG/Unity
-logFile
Logs/AssetImportWorker0.log
-srvPort
57084
Successfully changed project path to: C:/Users/PC/Documents/GitHub/FoodPackByTKG/Unity
C:/Users/PC/Documents/GitHub/FoodPackByTKG/Unity
[UnityMemory] Configuration Parameters - Can be set up in boot.config
    "memorysetup-bucket-allocator-granularity=16"
    "memorysetup-bucket-allocator-bucket-count=8"
    "memorysetup-bucket-allocator-block-size=33554432"
    "memorysetup-bucket-allocator-block-count=8"
    "memorysetup-main-allocator-block-size=16777216"
    "memorysetup-thread-allocator-block-size=16777216"
    "memorysetup-gfx-main-allocator-block-size=16777216"
    "memorysetup-gfx-thread-allocator-block-size=16777216"
    "memorysetup-cache-allocator-block-size=4194304"
    "memorysetup-typetree-allocator-block-size=2097152"
    "memorysetup-profiler-bucket-allocator-granularity=16"
    "memorysetup-profiler-bucket-allocator-bucket-count=8"
    "memorysetup-profiler-bucket-allocator-block-size=33554432"
    "memorysetup-profiler-bucket-allocator-block-count=8"
    "memorysetup-profiler-allocator-block-size=16777216"
    "memorysetup-profiler-editor-allocator-block-size=1048576"
    "memorysetup-temp-allocator-size-main=16777216"
    "memorysetup-job-temp-allocator-block-size=2097152"
    "memorysetup-job-temp-allocator-block-size-background=1048576"
    "memorysetup-job-temp-allocator-reduction-small-platforms=262144"
    "memorysetup-temp-allocator-size-background-worker=32768"
    "memorysetup-temp-allocator-size-job-worker=262144"
    "memorysetup-temp-allocator-size-preload-manager=33554432"
    "memorysetup-temp-allocator-size-nav-mesh-worker=65536"
    "memorysetup-temp-allocator-size-audio-worker=65536"
    "memorysetup-temp-allocator-size-cloud-worker=32768"
    "memorysetup-temp-allocator-size-gi-baking-worker=262144"
    "memorysetup-temp-allocator-size-gfx=262144"
Refreshing native plugins compatible for Editor in 45.92 ms, found 2 plugins.
Preloading 0 native plugins for Editor in 0.00 ms.
Initialize engine version: 2021.3.6f1 (7da38d85baf6)
[Subsystems] Discovering subsystems at path C:/Program Files/Unity/Hub/Editor/2021.3.6f1/Editor/Data/Resources/UnitySubsystems
[Subsystems] Discovering subsystems at path C:/Users/PC/Documents/GitHub/FoodPackByTKG/Unity/Assets
GfxDevice: creating device client; threaded=0; jobified=0
Direct3D:
    Version:  Direct3D 11.0 [level 11.1]
    Renderer: NVIDIA GeForce RTX 3080 (ID=0x2206)
    Vendor:   NVIDIA
    VRAM:     10053 MB
    Driver:   32.0.15.8157
Initialize mono
Mono path[0] = 'C:/Program Files/Unity/Hub/Editor/2021.3.6f1/Editor/Data/Managed'
Mono path[1] = 'C:/Program Files/Unity/Hub/Editor/2021.3.6f1/Editor/Data/MonoBleedingEdge/lib/mono/unityjit-win32'
Mono config path = 'C:/Program Files/Unity/Hub/Editor/2021.3.6f1/Editor/Data/MonoBleedingEdge/etc'
Using monoOptions --debugger-agent=transport=dt_socket,embedding=1,server=y,suspend=n,address=127.0.0.1:56624
Begin MonoManager ReloadAssembly
Registering precompiled unity dll's ...
Register platform support module: C:/Program Files/Unity/Hub/Editor/2021.3.6f1/Editor/Data/PlaybackEngines/WindowsStandaloneSupport/UnityEditor.WindowsStandalone.Extensions.dll
Registered in 0.008232 seconds.
Native extension for WindowsStandalone target not found
Refreshing native plugins compatible for Editor in 36.74 ms, found 2 plugins.
Preloading 0 native plugins for Editor in 0.00 ms.
Mono: successfully reloaded assembly
- Completed reload, in  0.430 seconds
Domain Reload Profiling:
	ReloadAssembly (430ms)
		BeginReloadAssembly (76ms)
			ExecutionOrderSort (0ms)
			DisableScriptedObjects (0ms)
			BackupInstance (0ms)
			ReleaseScriptingObjects (0ms)
			CreateAndSetChildDomain (1ms)
		EndReloadAssembly (275ms)
			LoadAssemblies (73ms)
			RebuildTransferFunctionScriptingTraits (0ms)
			SetupTypeCache (62ms)
			ReleaseScriptCaches (0ms)
			RebuildScriptCaches (16ms)
			SetupLoadedEditorAssemblies (162ms)
				LogAssemblyErrors (0ms)
				InitializePlatformSupportModulesInManaged (6ms)
				SetLoadedEditorAssemblies (0ms)
				RefreshPlugins (37ms)
				BeforeProcessingInitializeOnLoad (1ms)
				ProcessInitializeOnLoadAttributes (89ms)
				ProcessInitializeOnLoadMethodAttributes (30ms)
				AfterProcessingInitializeOnLoad (0ms)
				EditorAssembliesLoaded (0ms)
			ExecutionOrderSort2 (0ms)
			AwakeInstancesAfterBackupRestoration (0ms)
Platform modules already initialized, skipping
Registering precompiled user dll's ...
Registered in 0.006069 seconds.
Begin MonoManager ReloadAssembly
Native extension for WindowsStandalone target not found
Refreshing native plugins compatible for Editor in 0.71 ms, found 2 plugins.
Preloading 0 native plugins for Editor in 0.00 ms.
Mono: successfully reloaded assembly
- Completed reload, in  0.829 seconds
Domain Reload Profiling:
	ReloadAssembly (830ms)
		BeginReloadAssembly (79ms)
			ExecutionOrderSort (0ms)
			DisableScriptedObjects (3ms)
			BackupInstance (0ms)
			ReleaseScriptingObjects (0ms)
			CreateAndSetChildDomain (14ms)
		EndReloadAssembly (663ms)
			LoadAssemblies (103ms)
			RebuildTransferFunctionScriptingTraits (0ms)
			SetupTypeCache (124ms)
			ReleaseScriptCaches (1ms)
			RebuildScriptCaches (31ms)
			SetupLoadedEditorAssemblies (381ms)
				LogAssemblyErrors (0ms)
				InitializePlatformSupportModulesInManaged (4ms)
				SetLoadedEditorAssemblies (0ms)
				RefreshPlugins (1ms)
				BeforeProcessingInitializeOnLoad (68ms)
				ProcessInitializeOnLoadAttributes (217ms)
				ProcessInitializeOnLoadMethodAttributes (82ms)
				AfterProcessingInitializeOnLoad (8ms)
				EditorAssembliesLoaded (0ms)
			ExecutionOrderSort2 (0ms)
			AwakeInstancesAfterBackupRestoration (5ms)
Platform modules already initialized, skipping
========================================================================
Worker process is ready to serve import requests
Launched and connected shader compiler UnityShaderCompiler.exe after 0.06 seconds
Refreshing native plugins compatible for Editor in 1.05 ms, found 2 plugins.
Preloading 0 native plugins for Editor in 0.00 ms.
Unloading 3137 Unused Serialized files (Serialized files now loaded: 0)
Unloading 61 unused Assets / (92.7 KB). Loaded Objects now: 3601.
Memory consumption went from 133.9 MB to 133.8 MB.
Total: 4.677900 ms (FindLiveObjects: 0.202400 ms CreateObjectMapping: 0.046700 ms MarkObjects: 4.345100 ms  DeleteObjects: 0.083200 ms)

AssetImportParameters requested are different than current active one (requested -> active):
  custom:video-decoder-ogg-theora: a1e56fd34408186e4bbccfd4996cb3dc -> 
  custom:container-muxer-webm: aa71ff27fc2769a1b78a27578f13a17b -> 
  custom:container-demuxer-webm: 4f35f7cbe854078d1ac9338744f61a02 -> 
  custom:video-encoder-webm-vp8: eb34c28f22e8b96e1ab97ce403110664 -> 
  custom:audio-encoder-webm-vorbis: bf7c407c2cedff20999df2af8eb42d56 -> 
  custom:framework-win-MediaFoundation: 216162199b28c13a410421893ffa2e32 -> 
  custom:container-demuxer-ogg: 62fdf1f143b41e24485cea50d1cbac27 -> 
  custom:video-decoder-webm-vp8: 9c59270c3fd7afecdb556c50c9e8de78 -> 
  custom:audio-decoder-ogg-vorbis: bf7c407c2cedff20999df2af8eb42d56 -> 
========================================================================
Received Import Request.
  Time since last request: 23917.094821 seconds.
  path: Assets/InventoryGridIcons/Icon_BoxedFood_Generic.png
  artifactKey: Guid(3bc1ff1db32686548a04d51c3854b1dd) Importer(815301076,1909f56bfc062723c751e8b465ee728b)
Start importing Assets/InventoryGridIcons/Icon_BoxedFood_Generic.png using Guid(3bc1ff1db32686548a04d51c3854b1dd) Importer(815301076,1909f56bfc062723c751e8b465ee728b)  -> (artifact id: '897fc5c3de14b66a514b3553eb3443b1') in 0.079613 seconds 
========================================================================
Received Import Request.
  Time since last request: 0.000013 seconds.
  path: Assets/InventoryGridIcons/Icon_Nanaimo.png
  artifactKey: Guid(639fb65acb7cf7e40b70de11a1476c5a) Importer(815301076,1909f56bfc062723c751e8b465ee728b)
Start importing Assets/InventoryGridIcons/Icon_Nanaimo.png using Guid(639fb65acb7cf7e40b70de11a1476c5a) Importer(815301076,1909f56bfc062723c751e8b465ee728b)  -> (artifact id: 'db7f42c593d9bcba3de1958431f99ee1') in 0.009407 seconds 
========================================================================
Received Import Request.
  Time since last request: 29.333738 seconds.
  path: Assets/InventoryGridIcons/Icon_Nanaimo.png
  artifactKey: Guid(639fb65acb7cf7e40b70de11a1476c5a) Importer(815301076,1909f56bfc062723c751e8b465ee728b)
Start importing Assets/InventoryGridIcons/Icon_Nanaimo.png using Guid(639fb65acb7cf7e40b70de11a1476c5a) Importer(815301076,1909f56bfc062723c751e8b465ee728b)  -> (artifact id: '335ac5f214b381875edccfadee09f8c8') in 0.008036 seconds 
========================================================================
Received Import Request.
  Time since last request: 47.131646 seconds.
  path: Assets/InventoryGridIcons/ico_GearItem_NanaimoBar.png
  artifactKey: Guid(639fb65acb7cf7e40b70de11a1476c5a) Importer(815301076,1909f56bfc062723c751e8b465ee728b)
Start importing Assets/InventoryGridIcons/ico_GearItem_NanaimoBar.png using Guid(639fb65acb7cf7e40b70de11a1476c5a) Importer(815301076,1909f56bfc062723c751e8b465ee728b)  -> (artifact id: '627038f1d3d48e452fe727f66f5852b4') in 0.007910 seconds 
========================================================================
Received Import Request.
  Time since last request: 391.843062 seconds.
  path: Assets/AddressableAssetsData/AssetGroups/food-pack.unity3d.asset
  artifactKey: Guid(a2de77c5c0c43654591d2983e7d40860) Importer(815301076,1909f56bfc062723c751e8b465ee728b)
Start importing Assets/AddressableAssetsData/AssetGroups/food-pack.unity3d.asset using Guid(a2de77c5c0c43654591d2983e7d40860) Importer(815301076,1909f56bfc062723c751e8b465ee728b)  -> (artifact id: '25fe6b1be0b9584f8be65995c96904ff') in 0.006777 seconds 
========================================================================
Received Import Request.
  Time since last request: 1502.070031 seconds.
  path: Assets/InventoryGridIcons/Icon_BoxedFood_Generic.png
  artifactKey: Guid(3bc1ff1db32686548a04d51c3854b1dd) Importer(815301076,1909f56bfc062723c751e8b465ee728b)
Start importing Assets/InventoryGridIcons/Icon_BoxedFood_Generic.png using Guid(3bc1ff1db32686548a04d51c3854b1dd) Importer(815301076,1909f56bfc062723c751e8b465ee728b)  -> (artifact id: '66462b3a7d5729cbc537537b3a35658a') in 0.010075 seconds 
========================================================================
Received Import Request.
  Time since last request: 0.000016 seconds.
  path: Assets/InventoryGridIcons/Icon_EmptyBox.png
  artifactKey: Guid(eb311fa60f92f774e8a771e49f4b40dc) Importer(815301076,1909f56bfc062723c751e8b465ee728b)
Start importing Assets/InventoryGridIcons/Icon_EmptyBox.png using Guid(eb311fa60f92f774e8a771e49f4b40dc) Importer(815301076,1909f56bfc062723c751e8b465ee728b)  -> (artifact id: 'f8633b0d39a05d16aa7037b018bd1d8d') in 0.008472 seconds 
========================================================================
Received Import Request.
  Time since last request: 4.240691 seconds.
  path: Assets/InventoryGridIcons/Icon_BoxedFood_Generic 1.png
  artifactKey: Guid(96f3b8f2b021091488f92d09ac866f3a) Importer(815301076,1909f56bfc062723c751e8b465ee728b)
Start importing Assets/InventoryGridIcons/Icon_BoxedFood_Generic 1.png using Guid(96f3b8f2b021091488f92d09ac866f3a) Importer(815301076,1909f56bfc062723c751e8b465ee728b)  -> (artifact id: '9ae426781cea4be9046486b2cfae633b') in 0.008227 seconds 
========================================================================
Received Import Request.
  Time since last request: 5.249151 seconds.
  path: Assets/InventoryGridIcons/Icon_BoxedFood_Generic_B 1.png
  artifactKey: Guid(dcbc50dd08a8f004989237dbaa3fc03e) Importer(815301076,1909f56bfc062723c751e8b465ee728b)
Start importing Assets/InventoryGridIcons/Icon_BoxedFood_Generic_B 1.png using Guid(dcbc50dd08a8f004989237dbaa3fc03e) Importer(815301076,1909f56bfc062723c751e8b465ee728b)  -> (artifact id: '6f2b839d10e24d120ec12ea7f7036417') in 0.008020 seconds 
========================================================================
Received Import Request.
  Time since last request: 560.840898 seconds.
  path: Assets/InventoryGridIcons/Generic Packages
  artifactKey: Guid(eb409d5e2918b9240bb914d4ad1dae2c) Importer(815301076,1909f56bfc062723c751e8b465ee728b)
Start importing Assets/InventoryGridIcons/Generic Packages using Guid(eb409d5e2918b9240bb914d4ad1dae2c) Importer(815301076,1909f56bfc062723c751e8b465ee728b)  -> (artifact id: '43db4416cada738bd2059c7b5beeb8f4') in 0.003185 seconds 
========================================================================
Received Import Request.
  Time since last request: 36.690446 seconds.
  path: Assets/InventoryGridIcons/ico_GearItem_EmptyPackage.png
  artifactKey: Guid(eb311fa60f92f774e8a771e49f4b40dc) Importer(815301076,1909f56bfc062723c751e8b465ee728b)
Start importing Assets/InventoryGridIcons/ico_GearItem_EmptyPackage.png using Guid(eb311fa60f92f774e8a771e49f4b40dc) Importer(815301076,1909f56bfc062723c751e8b465ee728b)  -> (artifact id: 'd2dda0e58b1d96322eb19da87ce72664') in 0.010051 seconds 
========================================================================
Received Import Request.
  Time since last request: 18.990283 seconds.
  path: Assets/AddressableAssetsData/AssetGroups/food-pack.unity3d.asset
  artifactKey: Guid(a2de77c5c0c43654591d2983e7d40860) Importer(815301076,1909f56bfc062723c751e8b465ee728b)
Start importing Assets/AddressableAssetsData/AssetGroups/food-pack.unity3d.asset using Guid(a2de77c5c0c43654591d2983e7d40860) Importer(815301076,1909f56bfc062723c751e8b465ee728b)  -> (artifact id: '42b4ed5a6b207a88c31366d4032a6350') in 0.004996 seconds 
========================================================================
Received Import Request.
  Time since last request: 782.852565 seconds.
  path: Assets/InventoryGridIcons/Generic Packages/Icon_BoxedFood_Generic 2.png
  artifactKey: Guid(034189dfd5e70c94aa2c34e1a7d07d3e) Importer(815301076,1909f56bfc062723c751e8b465ee728b)
Start importing Assets/InventoryGridIcons/Generic Packages/Icon_BoxedFood_Generic 2.png using Guid(034189dfd5e70c94aa2c34e1a7d07d3e) Importer(815301076,1909f56bfc062723c751e8b465ee728b)  -> (artifact id: '75cfe237c26cbe47c9ba35b3e728f8f8') in 0.008976 seconds 
========================================================================
Received Import Request.
  Time since last request: 0.574733 seconds.
  path: Assets/InventoryGridIcons/Generic Packages/Icon_BoxedFood_Generic 3.png
  artifactKey: Guid(5fda340595ab9ab498fb101bbe5f55b8) Importer(815301076,1909f56bfc062723c751e8b465ee728b)
Start importing Assets/InventoryGridIcons/Generic Packages/Icon_BoxedFood_Generic 3.png using Guid(5fda340595ab9ab498fb101bbe5f55b8) Importer(815301076,1909f56bfc062723c751e8b465ee728b)  -> (artifact id: '5d6f885ba88384592e953e3079a62a27') in 0.008923 seconds 
========================================================================
Received Import Request.
  Time since last request: 0.188957 seconds.
  path: Assets/InventoryGridIcons/Generic Packages/Icon_BoxedFood_Generic 4.png
  artifactKey: Guid(950e17dfea4e4c147a79be94a583eb64) Importer(815301076,1909f56bfc062723c751e8b465ee728b)
Start importing Assets/InventoryGridIcons/Generic Packages/Icon_BoxedFood_Generic 4.png using Guid(950e17dfea4e4c147a79be94a583eb64) Importer(815301076,1909f56bfc062723c751e8b465ee728b)  -> (artifact id: '651b6bffcaf62a43150ca4283464ab10') in 0.008442 seconds 
========================================================================
Received Import Request.
  Time since last request: 0.203946 seconds.
  path: Assets/InventoryGridIcons/Generic Packages/Icon_BoxedFood_Generic 5.png
  artifactKey: Guid(00917945ae02bba459880586ddf5f4c1) Importer(815301076,1909f56bfc062723c751e8b465ee728b)
Start importing Assets/InventoryGridIcons/Generic Packages/Icon_BoxedFood_Generic 5.png using Guid(00917945ae02bba459880586ddf5f4c1) Importer(815301076,1909f56bfc062723c751e8b465ee728b)  -> (artifact id: 'e1221760527c9d55d3f6294c7aaa51d4') in 0.008405 seconds 
========================================================================
Received Import Request.
  Time since last request: 3.185320 seconds.
  path: Assets/InventoryGridIcons/Generic Packages/Icon_BoxedFood_Generic 6.png
  artifactKey: Guid(2bcb7a356c3706f448c959e95ebe69d9) Importer(815301076,1909f56bfc062723c751e8b465ee728b)
Start importing Assets/InventoryGridIcons/Generic Packages/Icon_BoxedFood_Generic 6.png using Guid(2bcb7a356c3706f448c959e95ebe69d9) Importer(815301076,1909f56bfc062723c751e8b465ee728b)  -> (artifact id: 'ea6ffd2d482d8a507e1f30a57ab702d3') in 0.009774 seconds 
========================================================================
Received Import Request.
  Time since last request: 41.597006 seconds.
  path: Assets/InventoryGridIcons/Generic Packages/ico_GearItem__SoyRamenCooked.png
  artifactKey: Guid(96f3b8f2b021091488f92d09ac866f3a) Importer(815301076,1909f56bfc062723c751e8b465ee728b)
Start importing Assets/InventoryGridIcons/Generic Packages/ico_GearItem__SoyRamenCooked.png using Guid(96f3b8f2b021091488f92d09ac866f3a) Importer(815301076,1909f56bfc062723c751e8b465ee728b)  -> (artifact id: 'de57d4ceab87f70a494f082409b6f5b7') in 0.008301 seconds 
========================================================================
Received Import Request.
  Time since last request: 5.198984 seconds.
  path: Assets/InventoryGridIcons/Generic Packages/ico_GearItem__CannedChiliPackage.png
  artifactKey: Guid(96f3b8f2b021091488f92d09ac866f3a) Importer(815301076,1909f56bfc062723c751e8b465ee728b)
Start importing Assets/InventoryGridIcons/Generic Packages/ico_GearItem__CannedChiliPackage.png using Guid(96f3b8f2b021091488f92d09ac866f3a) Importer(815301076,1909f56bfc062723c751e8b465ee728b)  -> (artifact id: 'c0da3433ac355ab2abf5e10b7e405810') in 0.008226 seconds 
========================================================================
Received Import Request.
  Time since last request: 8.787642 seconds.
  path: Assets/InventoryGridIcons/Generic Packages/ico_GearItem__CannedChiliPackage2.png
  artifactKey: Guid(034189dfd5e70c94aa2c34e1a7d07d3e) Importer(815301076,1909f56bfc062723c751e8b465ee728b)
Start importing Assets/InventoryGridIcons/Generic Packages/ico_GearItem__CannedChiliPackage2.png using Guid(034189dfd5e70c94aa2c34e1a7d07d3e) Importer(815301076,1909f56bfc062723c751e8b465ee728b)  -> (artifact id: 'b0712cd243417e48008d3c1bd6675f0e') in 0.008444 seconds 
========================================================================
Received Import Request.
  Time since last request: 81.048994 seconds.
  path: Assets/InventoryGridIcons/Generic Packages/ico_GearItem__CannedChiliPackage3.png
  artifactKey: Guid(5fda340595ab9ab498fb101bbe5f55b8) Importer(815301076,1909f56bfc062723c751e8b465ee728b)
Start importing Assets/InventoryGridIcons/Generic Packages/ico_GearItem__CannedChiliPackage3.png using Guid(5fda340595ab9ab498fb101bbe5f55b8) Importer(815301076,1909f56bfc062723c751e8b465ee728b)  -> (artifact id: 'dd719c312b2ebdc9856a16dc028cffb7') in 0.008776 seconds 
========================================================================
Received Import Request.
  Time since last request: 7.176245 seconds.
  path: Assets/InventoryGridIcons/Generic Packages/ico_GearItem__CannedSpaghettiPackage.png
  artifactKey: Guid(5fda340595ab9ab498fb101bbe5f55b8) Importer(815301076,1909f56bfc062723c751e8b465ee728b)
Start importing Assets/InventoryGridIcons/Generic Packages/ico_GearItem__CannedSpaghettiPackage.png using Guid(5fda340595ab9ab498fb101bbe5f55b8) Importer(815301076,1909f56bfc062723c751e8b465ee728b)  -> (artifact id: 'e6a269b16c911eb2d42d310993aae403') in 0.008844 seconds 
========================================================================
Received Import Request.
  Time since last request: 6.780853 seconds.
  path: Assets/InventoryGridIcons/Generic Packages/ico_GearItem__CannedSpaghettiPackage2.png
  artifactKey: Guid(950e17dfea4e4c147a79be94a583eb64) Importer(815301076,1909f56bfc062723c751e8b465ee728b)
Start importing Assets/InventoryGridIcons/Generic Packages/ico_GearItem__CannedSpaghettiPackage2.png using Guid(950e17dfea4e4c147a79be94a583eb64) Importer(815301076,1909f56bfc062723c751e8b465ee728b)  -> (artifact id: 'fc1f0d99409185d176c7f383d1ec99e7') in 0.008478 seconds 
========================================================================
Received Import Request.
  Time since last request: 28.378533 seconds.
  path: Assets/AddressableAssetsData/AssetGroups/food-pack.unity3d.asset
  artifactKey: Guid(a2de77c5c0c43654591d2983e7d40860) Importer(815301076,1909f56bfc062723c751e8b465ee728b)
Start importing Assets/AddressableAssetsData/AssetGroups/food-pack.unity3d.asset using Guid(a2de77c5c0c43654591d2983e7d40860) Importer(815301076,1909f56bfc062723c751e8b465ee728b)  -> (artifact id: '511be05360c38f1e9bfeb4401e4ec622') in 0.003589 seconds 
========================================================================
Received Import Request.
  Time since last request: 232.471871 seconds.
  path: Assets/InventoryGridIcons/Generic Packages/ico_GearItem__CannedSpaghettiPac.png
  artifactKey: Guid(00917945ae02bba459880586ddf5f4c1) Importer(815301076,1909f56bfc062723c751e8b465ee728b)
Start importing Assets/InventoryGridIcons/Generic Packages/ico_GearItem__CannedSpaghettiPac.png using Guid(00917945ae02bba459880586ddf5f4c1) Importer(815301076,1909f56bfc062723c751e8b465ee728b)  -> (artifact id: 'b13b4c55dd714b284336bf1033197350') in 0.010523 seconds 
========================================================================
Received Import Request.
  Time since last request: 11.336111 seconds.
  path: Assets/InventoryGridIcons/Generic Packages/ico_GearItem__CannedStewPackage.png
  artifactKey: Guid(00917945ae02bba459880586ddf5f4c1) Importer(815301076,1909f56bfc062723c751e8b465ee728b)
Start importing Assets/InventoryGridIcons/Generic Packages/ico_GearItem__CannedStewPackage.png using Guid(00917945ae02bba459880586ddf5f4c1) Importer(815301076,1909f56bfc062723c751e8b465ee728b)  -> (artifact id: '278668e3a42bb1e7846c275cca33f124') in 0.010053 seconds 
========================================================================
Received Import Request.
  Time since last request: 8.001469 seconds.
  path: Assets/InventoryGridIcons/Generic Packages/ico_GearItem__CannedStewPackage2.png
  artifactKey: Guid(2bcb7a356c3706f448c959e95ebe69d9) Importer(815301076,1909f56bfc062723c751e8b465ee728b)
Start importing Assets/InventoryGridIcons/Generic Packages/ico_GearItem__CannedStewPackage2.png using Guid(2bcb7a356c3706f448c959e95ebe69d9) Importer(815301076,1909f56bfc062723c751e8b465ee728b)  -> (artifact id: '67b95bbe5eec40218812b362e4d75f3a') in 0.008582 seconds 
========================================================================
Received Import Request.
  Time since last request: 18.160455 seconds.
  path: Assets/InventoryGridIcons/Generic Packages/ico_GearItem__Catfoodpackage.png
  artifactKey: Guid(3bc1ff1db32686548a04d51c3854b1dd) Importer(815301076,1909f56bfc062723c751e8b465ee728b)
Start importing Assets/InventoryGridIcons/Generic Packages/ico_GearItem__Catfoodpackage.png using Guid(3bc1ff1db32686548a04d51c3854b1dd) Importer(815301076,1909f56bfc062723c751e8b465ee728b)  -> (artifact id: 'bb4e5ea39d975dbb2c1d017c438bbc55') in 0.008855 seconds 
========================================================================
Received Import Request.
  Time since last request: 16.244770 seconds.
  path: Assets/InventoryGridIcons/Generic Packages/ico_GearItem__CatFoodPackage.png
  artifactKey: Guid(3bc1ff1db32686548a04d51c3854b1dd) Importer(815301076,1909f56bfc062723c751e8b465ee728b)
Start importing Assets/InventoryGridIcons/Generic Packages/ico_GearItem__CatFoodPackage.png using Guid(3bc1ff1db32686548a04d51c3854b1dd) Importer(815301076,1909f56bfc062723c751e8b465ee728b)  -> (artifact id: '4b282b41b161213cff74368d74311e47') in 0.008605 seconds 
========================================================================
Received Import Request.
  Time since last request: 188.659076 seconds.
  path: Assets/InventoryGridIcons/Generic Packages/Icon_BoxedFood_Generic_B 2.png
  artifactKey: Guid(870103c0a689e7940a595e8afd2e1486) Importer(815301076,1909f56bfc062723c751e8b465ee728b)
Start importing Assets/InventoryGridIcons/Generic Packages/Icon_BoxedFood_Generic_B 2.png using Guid(870103c0a689e7940a595e8afd2e1486) Importer(815301076,1909f56bfc062723c751e8b465ee728b)  -> (artifact id: '21f7c87cf8be19a264730c2d9d0136bd') in 0.008727 seconds 
========================================================================
Received Import Request.
  Time since last request: 1.349194 seconds.
  path: Assets/InventoryGridIcons/Generic Packages/Icon_BoxedFood_Generic_B 3.png
  artifactKey: Guid(4cb88628f0fa5474799d71d5866f9814) Importer(815301076,1909f56bfc062723c751e8b465ee728b)
Start importing Assets/InventoryGridIcons/Generic Packages/Icon_BoxedFood_Generic_B 3.png using Guid(4cb88628f0fa5474799d71d5866f9814) Importer(815301076,1909f56bfc062723c751e8b465ee728b)  -> (artifact id: '635299d4085e16e30f2b592d98d95941') in 0.010487 seconds 
========================================================================
Received Import Request.
  Time since last request: 0.478583 seconds.
  path: Assets/InventoryGridIcons/Generic Packages/Icon_BoxedFood_Generic_B 4.png
  artifactKey: Guid(dd3469d94da52894c823ca0a25af0ac7) Importer(815301076,1909f56bfc062723c751e8b465ee728b)
Start importing Assets/InventoryGridIcons/Generic Packages/Icon_BoxedFood_Generic_B 4.png using Guid(dd3469d94da52894c823ca0a25af0ac7) Importer(815301076,1909f56bfc062723c751e8b465ee728b)  -> (artifact id: '6ea19349c6e37e4eb2898d40343b548c') in 0.008035 seconds 
========================================================================
Received Import Request.
  Time since last request: 0.411300 seconds.
  path: Assets/InventoryGridIcons/Generic Packages/Icon_BoxedFood_Generic_B 5.png
  artifactKey: Guid(478ef03820ca36944ac858e08e178a17) Importer(815301076,1909f56bfc062723c751e8b465ee728b)
Start importing Assets/InventoryGridIcons/Generic Packages/Icon_BoxedFood_Generic_B 5.png using Guid(478ef03820ca36944ac858e08e178a17) Importer(815301076,1909f56bfc062723c751e8b465ee728b)  -> (artifact id: '2b94cfc18a8cccbb5cc1f2996e2b19df') in 0.008483 seconds 
========================================================================
Received Import Request.
  Time since last request: 0.411424 seconds.
  path: Assets/InventoryGridIcons/Generic Packages/Icon_BoxedFood_Generic_B 6.png
  artifactKey: Guid(6f6211789635f8c4cb9e81a376b96138) Importer(815301076,1909f56bfc062723c751e8b465ee728b)
Start importing Assets/InventoryGridIcons/Generic Packages/Icon_BoxedFood_Generic_B 6.png using Guid(6f6211789635f8c4cb9e81a376b96138) Importer(815301076,1909f56bfc062723c751e8b465ee728b)  -> (artifact id: '31e81ee33c9bdb3fb43723b37c1f01ee') in 0.008601 seconds 
========================================================================
Received Import Request.
  Time since last request: 0.344737 seconds.
  path: Assets/InventoryGridIcons/Generic Packages/Icon_BoxedFood_Generic_B 7.png
  artifactKey: Guid(9b776f6019d2065478a854b440107b03) Importer(815301076,1909f56bfc062723c751e8b465ee728b)
Start importing Assets/InventoryGridIcons/Generic Packages/Icon_BoxedFood_Generic_B 7.png using Guid(9b776f6019d2065478a854b440107b03) Importer(815301076,1909f56bfc062723c751e8b465ee728b)  -> (artifact id: 'ff2b9448ff4f73e6a5a8a2033128ac52') in 0.009206 seconds 
========================================================================
Received Import Request.
  Time since last request: 55.046663 seconds.
  path: Assets/InventoryGridIcons/Generic Packages/ico_GearItem__CatFoodPackage1.png
  artifactKey: Guid(dcbc50dd08a8f004989237dbaa3fc03e) Importer(815301076,1909f56bfc062723c751e8b465ee728b)
Start importing Assets/InventoryGridIcons/Generic Packages/ico_GearItem__CatFoodPackage1.png using Guid(dcbc50dd08a8f004989237dbaa3fc03e) Importer(815301076,1909f56bfc062723c751e8b465ee728b)  -> (artifact id: '7cdbe40e8ba8914b9523236dbf15ae6d') in 0.009282 seconds 
========================================================================
Received Import Request.
  Time since last request: 3.033553 seconds.
  path: Assets/InventoryGridIcons/Generic Packages/ico_GearItem__CatFoodPackage2.png
  artifactKey: Guid(870103c0a689e7940a595e8afd2e1486) Importer(815301076,1909f56bfc062723c751e8b465ee728b)
Start importing Assets/InventoryGridIcons/Generic Packages/ico_GearItem__CatFoodPackage2.png using Guid(870103c0a689e7940a595e8afd2e1486) Importer(815301076,1909f56bfc062723c751e8b465ee728b)  -> (artifact id: '6af9721a21316fb3c079b0e61f8b72eb') in 0.008393 seconds 
========================================================================
Received Import Request.
  Time since last request: 2.780140 seconds.
  path: Assets/InventoryGridIcons/Generic Packages/ico_GearItem__CatFoodPackage3.png
  artifactKey: Guid(4cb88628f0fa5474799d71d5866f9814) Importer(815301076,1909f56bfc062723c751e8b465ee728b)
Start importing Assets/InventoryGridIcons/Generic Packages/ico_GearItem__CatFoodPackage3.png using Guid(4cb88628f0fa5474799d71d5866f9814) Importer(815301076,1909f56bfc062723c751e8b465ee728b)  -> (artifact id: 'c038d69f0142e0bd8f53c13c13e895a1') in 0.009411 seconds 
========================================================================
Received Import Request.
  Time since last request: 2.478438 seconds.
  path: Assets/InventoryGridIcons/Generic Packages/ico_GearItem__CatFoodPackage4.png
  artifactKey: Guid(dd3469d94da52894c823ca0a25af0ac7) Importer(815301076,1909f56bfc062723c751e8b465ee728b)
Start importing Assets/InventoryGridIcons/Generic Packages/ico_GearItem__CatFoodPackage4.png using Guid(dd3469d94da52894c823ca0a25af0ac7) Importer(815301076,1909f56bfc062723c751e8b465ee728b)  -> (artifact id: 'e962a5f2aedc8dc780a1b21f896ebba6') in 0.008456 seconds 
========================================================================
Received Import Request.
  Time since last request: 2.030032 seconds.
  path: Assets/InventoryGridIcons/Generic Packages/ico_GearItem__CatFoodPackage5.png
  artifactKey: Guid(478ef03820ca36944ac858e08e178a17) Importer(815301076,1909f56bfc062723c751e8b465ee728b)
Start importing Assets/InventoryGridIcons/Generic Packages/ico_GearItem__CatFoodPackage5.png using Guid(478ef03820ca36944ac858e08e178a17) Importer(815301076,1909f56bfc062723c751e8b465ee728b)  -> (artifact id: '291d4bb2b15eb05e34607f4c746fc786') in 0.008793 seconds 
========================================================================
Received Import Request.
  Time since last request: 2.056402 seconds.
  path: Assets/InventoryGridIcons/Generic Packages/ico_GearItem__CatFoodPackage6.png
  artifactKey: Guid(6f6211789635f8c4cb9e81a376b96138) Importer(815301076,1909f56bfc062723c751e8b465ee728b)
Start importing Assets/InventoryGridIcons/Generic Packages/ico_GearItem__CatFoodPackage6.png using Guid(6f6211789635f8c4cb9e81a376b96138) Importer(815301076,1909f56bfc062723c751e8b465ee728b)  -> (artifact id: '94c28d6e1dcab4f377ea10295dd80d1c') in 0.008396 seconds 
========================================================================
Received Import Request.
  Time since last request: 2.427684 seconds.
  path: Assets/InventoryGridIcons/Generic Packages/ico_GearItem__CatFoodPackage7.png
  artifactKey: Guid(9b776f6019d2065478a854b440107b03) Importer(815301076,1909f56bfc062723c751e8b465ee728b)
Start importing Assets/InventoryGridIcons/Generic Packages/ico_GearItem__CatFoodPackage7.png using Guid(9b776f6019d2065478a854b440107b03) Importer(815301076,1909f56bfc062723c751e8b465ee728b)  -> (artifact id: '4f8ef3cceb0be1fa087f91f695e1eb31') in 0.008547 seconds 
========================================================================
Received Import Request.
  Time since last request: 2.514070 seconds.
  path: Assets/InventoryGridIcons/Generic Packages/ico_GearItem__CatFoodPackage8.png
  artifactKey: Guid(f213f6fbdeb38184ea156f0eeafe5219) Importer(815301076,1909f56bfc062723c751e8b465ee728b)
Start importing Assets/InventoryGridIcons/Generic Packages/ico_GearItem__CatFoodPackage8.png using Guid(f213f6fbdeb38184ea156f0eeafe5219) Importer(815301076,1909f56bfc062723c751e8b465ee728b)  -> (artifact id: '5a09fd260a066f47d9786c474bdeeca5') in 0.009198 seconds 
========================================================================
Received Import Request.
  Time since last request: 27.327009 seconds.
  path: Assets/InventoryGridIcons/Generic Packages/ico_GearItem__CerealHoneyPackage.png
  artifactKey: Guid(dcbc50dd08a8f004989237dbaa3fc03e) Importer(815301076,1909f56bfc062723c751e8b465ee728b)
Start importing Assets/InventoryGridIcons/Generic Packages/ico_GearItem__CerealHoneyPackage.png using Guid(dcbc50dd08a8f004989237dbaa3fc03e) Importer(815301076,1909f56bfc062723c751e8b465ee728b)  -> (artifact id: '61674873d61885d2a9d8d5f3c5e00952') in 0.007952 seconds 
========================================================================
Received Import Request.
  Time since last request: 6.782524 seconds.
  path: Assets/InventoryGridIcons/Generic Packages/ico_GearItem__CerealHoneyPackage2.png
  artifactKey: Guid(870103c0a689e7940a595e8afd2e1486) Importer(815301076,1909f56bfc062723c751e8b465ee728b)
Start importing Assets/InventoryGridIcons/Generic Packages/ico_GearItem__CerealHoneyPackage2.png using Guid(870103c0a689e7940a595e8afd2e1486) Importer(815301076,1909f56bfc062723c751e8b465ee728b)  -> (artifact id: '0972522255d35a96d9da556192d9ea74') in 0.008758 seconds 
========================================================================
Received Import Request.
  Time since last request: 17.413590 seconds.
  path: Assets/InventoryGridIcons/Generic Packages/ico_GearItem__CerealWholeGrainPackage.png
  artifactKey: Guid(4cb88628f0fa5474799d71d5866f9814) Importer(815301076,1909f56bfc062723c751e8b465ee728b)
Start importing Assets/InventoryGridIcons/Generic Packages/ico_GearItem__CerealWholeGrainPackage.png using Guid(4cb88628f0fa5474799d71d5866f9814) Importer(815301076,1909f56bfc062723c751e8b465ee728b)  -> (artifact id: '28c65e0672688e74fc997a93fdda0761') in 0.010356 seconds 
========================================================================
Received Import Request.
  Time since last request: 5.895573 seconds.
  path: Assets/InventoryGridIcons/Generic Packages/ico_GearItem__CerealWholeGrainPackage2.png
  artifactKey: Guid(dd3469d94da52894c823ca0a25af0ac7) Importer(815301076,1909f56bfc062723c751e8b465ee728b)
Start importing Assets/InventoryGridIcons/Generic Packages/ico_GearItem__CerealWholeGrainPackage2.png using Guid(dd3469d94da52894c823ca0a25af0ac7) Importer(815301076,1909f56bfc062723c751e8b465ee728b)  -> (artifact id: 'c766434fa4b9819f44f5c9e0116bf58c') in 0.009039 seconds 
========================================================================
Received Import Request.
  Time since last request: 25.109196 seconds.
  path: Assets/InventoryGridIcons/Generic Packages/ico_GearItem__CocoaPackage.png
  artifactKey: Guid(478ef03820ca36944ac858e08e178a17) Importer(815301076,1909f56bfc062723c751e8b465ee728b)
Start importing Assets/InventoryGridIcons/Generic Packages/ico_GearItem__CocoaPackage.png using Guid(478ef03820ca36944ac858e08e178a17) Importer(815301076,1909f56bfc062723c751e8b465ee728b)  -> (artifact id: '289c94f0f238c570a852d8139f16718c') in 0.008577 seconds 
========================================================================
Received Import Request.
  Time since last request: 5.143140 seconds.
  path: Assets/InventoryGridIcons/Generic Packages/ico_GearItem__CocoaPackage2.png
  artifactKey: Guid(6f6211789635f8c4cb9e81a376b96138) Importer(815301076,1909f56bfc062723c751e8b465ee728b)
Start importing Assets/InventoryGridIcons/Generic Packages/ico_GearItem__CocoaPackage2.png using Guid(6f6211789635f8c4cb9e81a376b96138) Importer(815301076,1909f56bfc062723c751e8b465ee728b)  -> (artifact id: '2a953d861c22f1afc152c151bb7c56c3') in 0.008146 seconds 
========================================================================
Received Import Request.
  Time since last request: 18.584737 seconds.
  path: Assets/InventoryGridIcons/Generic Packages/ico_GearItem__CornflakesPackage.png
  artifactKey: Guid(9b776f6019d2065478a854b440107b03) Importer(815301076,1909f56bfc062723c751e8b465ee728b)
Start importing Assets/InventoryGridIcons/Generic Packages/ico_GearItem__CornflakesPackage.png using Guid(9b776f6019d2065478a854b440107b03) Importer(815301076,1909f56bfc062723c751e8b465ee728b)  -> (artifact id: '00a42b831be6462b2869bfee76923b07') in 0.008872 seconds 
========================================================================
Received Import Request.
  Time since last request: 4.496744 seconds.
  path: Assets/InventoryGridIcons/Generic Packages/ico_GearItem__CornflakesPackage2.png
  artifactKey: Guid(f213f6fbdeb38184ea156f0eeafe5219) Importer(815301076,1909f56bfc062723c751e8b465ee728b)
Start importing Assets/InventoryGridIcons/Generic Packages/ico_GearItem__CornflakesPackage2.png using Guid(f213f6fbdeb38184ea156f0eeafe5219) Importer(815301076,1909f56bfc062723c751e8b465ee728b)  -> (artifact id: '48e49021f7c9c7165a18032b680416f8') in 0.008649 seconds 
========================================================================
Received Import Request.
  Time since last request: 30.923502 seconds.
  path: Assets/AddressableAssetsData/AssetGroups/Default Local Group.asset
  artifactKey: Guid(4506ecdf1c453734793bde74e9e1fd11) Importer(815301076,1909f56bfc062723c751e8b465ee728b)
Start importing Assets/AddressableAssetsData/AssetGroups/Default Local Group.asset using Guid(4506ecdf1c453734793bde74e9e1fd11) Importer(815301076,1909f56bfc062723c751e8b465ee728b)  -> (artifact id: 'c943fdf8099a0334279d77f429df2fbb') in 0.002049 seconds 
========================================================================
Received Import Request.
  Time since last request: 19.396116 seconds.
  path: Assets/AddressableAssetsData/AssetGroups/food-pack.unity3d.asset
  artifactKey: Guid(a2de77c5c0c43654591d2983e7d40860) Importer(815301076,1909f56bfc062723c751e8b465ee728b)
Start importing Assets/AddressableAssetsData/AssetGroups/food-pack.unity3d.asset using Guid(a2de77c5c0c43654591d2983e7d40860) Importer(815301076,1909f56bfc062723c751e8b465ee728b)  -> (artifact id: 'fcf2940cd77c5c903cdd2251d890f526') in 0.002665 seconds 
